<?xml version="1.0" encoding="UTF-8"?>
<!-- Generated by org.testng.reporters.JUnitXMLReporter -->
<testsuite ignored="2" hostname="DESKTOP-OEV9Q9R" failures="0" tests="1" name="Default test" time="11.677" errors="0" timestamp="2023-07-08T00:07:29 ICT">
  <testcase classname="Week_05.Week_05" name="Test" time="9.572"/>
  <testcase classname="Week_05.Week_05" name="getTotalRowNumber" time="0.0">
    <ignored/>
  </testcase> <!-- getTotalRowNumber -->
  <testcase classname="Week_05.Week_05" name="getTotalColNumber" time="0.0">
    <ignored/>
  </testcase> <!-- getTotalColNumber -->
</testsuite> <!-- Default test -->
