<?xml version="1.0" encoding="UTF-8"?>
<testng-results ignored="0" total="1" passed="1" failed="0" skipped="0">
  <reporter-output>
  </reporter-output>
  <suite started-at="2023-08-04T19:01:44 ICT" name="Default suite" finished-at="2023-08-04T19:02:02 ICT" duration-ms="18398">
    <groups>
    </groups>
    <test started-at="2023-08-04T19:01:44 ICT" name="Default test" finished-at="2023-08-04T19:02:02 ICT" duration-ms="18398">
      <class name="test.testOrangelHRMAssignLeave">
        <test-method is-config="true" signature="setup()[pri:0, instance:test.testOrangelHRMAssignLeave@1c5920df]" started-at="2023-08-04T19:01:44 ICT" name="setup" finished-at="2023-08-04T19:01:57 ICT" duration-ms="12687" status="PASS">
          <reporter-output>
          </reporter-output>
        </test-method> <!-- setup -->
        <test-method is-config="true" signature="beforeMethod()[pri:0, instance:test.testOrangelHRMAssignLeave@1c5920df]" started-at="2023-08-04T19:01:57 ICT" name="beforeMethod" finished-at="2023-08-04T19:01:57 ICT" duration-ms="0" status="PASS">
          <reporter-output>
          </reporter-output>
        </test-method> <!-- beforeMethod -->
        <test-method signature="TC_AL_01()[pri:0, instance:test.testOrangelHRMAssignLeave@1c5920df]" started-at="2023-08-04T19:01:57 ICT" name="TC_AL_01" finished-at="2023-08-04T19:02:02 ICT" duration-ms="5685" status="PASS">
          <reporter-output>
          </reporter-output>
        </test-method> <!-- TC_AL_01 -->
      </class> <!-- test.testOrangelHRMAssignLeave -->
    </test> <!-- Default test -->
  </suite> <!-- Default suite -->
</testng-results>
