<?xml version="1.0" encoding="UTF-8"?>
<testng-results ignored="0" total="1" passed="1" failed="0" skipped="0">
  <reporter-output>
  </reporter-output>
  <suite started-at="2023-07-24T00:33:03 ICT" name="Default suite" finished-at="2023-07-24T00:33:27 ICT" duration-ms="23760">
    <groups>
    </groups>
    <test started-at="2023-07-24T00:33:03 ICT" name="Default test" finished-at="2023-07-24T00:33:27 ICT" duration-ms="23760">
      <class name="orangeHRM.generalFunction">
        <test-method is-config="true" signature="beforeTest()[pri:0, instance:orangeHRM.generalFunction@663c9e7a]" started-at="2023-07-24T00:33:03 ICT" name="beforeTest" finished-at="2023-07-24T00:33:08 ICT" duration-ms="5236" status="PASS">
          <reporter-output>
          </reporter-output>
        </test-method> <!-- beforeTest -->
        <test-method signature="assignL()[pri:0, instance:orangeHRM.generalFunction@663c9e7a]" started-at="2023-07-24T00:33:08 ICT" name="assignL" finished-at="2023-07-24T00:33:27 ICT" duration-ms="18488" status="PASS">
          <reporter-output>
          </reporter-output>
        </test-method> <!-- assignL -->
        <test-method is-config="true" signature="afterTest()[pri:0, instance:orangeHRM.generalFunction@663c9e7a]" started-at="2023-07-24T00:33:27 ICT" name="afterTest" finished-at="2023-07-24T00:33:27 ICT" duration-ms="2" status="PASS">
          <reporter-output>
          </reporter-output>
        </test-method> <!-- afterTest -->
      </class> <!-- orangeHRM.generalFunction -->
    </test> <!-- Default test -->
  </suite> <!-- Default suite -->
</testng-results>
